TN:
SF:src\components\Button\Button.jsx
FN:5,Button
FNF:1
FNH:1
FNDA:2,Button
DA:21,2
DA:42,1
DA:59,1
LF:3
LH:3
BRDA:10,0,0,2
BRDA:25,1,0,0
BRDA:25,1,1,2
BRDA:26,2,0,0
BRDA:26,2,1,2
BRDA:27,3,0,0
BRDA:27,3,1,2
BRDA:28,4,0,0
BRDA:28,4,1,2
BRDA:29,5,0,2
BRDA:29,5,1,0
BRDA:30,6,0,0
BRDA:30,6,1,2
BRDA:37,7,0,2
BRDA:37,7,1,2
BRF:15
BRH:9
end_of_record
TN:
SF:src\components\Button\index.js
FNF:0
FNH:0
LF:0
LH:0
BRF:0
BRH:0
end_of_record
TN:
SF:src\components\GoogleLoginButton\GoogleLoginButton.jsx
FN:7,(anonymous_0)
FNF:1
FNH:1
FNDA:1,(anonymous_0)
DA:7,1
DA:9,1
DA:30,1
LF:3
LH:3
BRDA:11,0,0,0
BRDA:11,0,1,1
BRDA:19,1,0,1
BRDA:19,1,1,0
BRDA:19,1,2,0
BRF:5
BRH:2
end_of_record
TN:
SF:src\components\GoogleLoginButton\index.js
FNF:0
FNH:0
LF:0
LH:0
BRF:0
BRH:0
end_of_record
TN:
SF:src\components\InputText\InputText.jsx
FN:6,InputText
FNF:1
FNH:1
FNDA:6,InputText
DA:9,6
DA:10,6
DA:32,1
DA:45,1
LF:4
LH:4
BRDA:11,0,0,0
BRDA:11,0,1,6
BRDA:14,1,0,3
BRDA:14,1,1,3
BRDA:27,2,0,6
BRDA:27,2,1,0
BRF:6
BRH:4
end_of_record
TN:
SF:src\components\InputText\index.js
FNF:0
FNH:0
LF:0
LH:0
BRF:0
BRH:0
end_of_record
TN:
SF:src\components\PopUp\PopUp.jsx
FN:6,PopUp
FN:11,(anonymous_1)
FN:12,(anonymous_2)
FN:18,(anonymous_3)
FN:26,(anonymous_4)
FNF:5
FNH:0
FNDA:0,PopUp
FNDA:0,(anonymous_1)
FNDA:0,(anonymous_2)
FNDA:0,(anonymous_3)
FNDA:0,(anonymous_4)
DA:9,0
DA:11,0
DA:12,0
DA:13,0
DA:14,0
DA:18,0
DA:20,0
DA:21,0
DA:22,0
DA:26,0
DA:27,0
DA:28,0
DA:29,0
DA:33,0
DA:66,1
DA:75,1
LF:16
LH:2
BRDA:14,0,0,0
BRDA:14,0,1,0
BRDA:21,1,0,0
BRDA:21,1,1,0
BRDA:28,2,0,0
BRDA:28,2,1,0
BRDA:47,3,0,0
BRDA:47,3,1,0
BRF:8
BRH:0
end_of_record
TN:
SF:src\components\PopUp\index.js
FNF:0
FNH:0
LF:0
LH:0
BRF:0
BRH:0
end_of_record
TN:
SF:src\components\Spinner\Spinner.jsx
FN:5,Spinner
FNF:1
FNH:0
FNDA:0,Spinner
DA:6,0
LF:1
LH:0
BRF:0
BRH:0
end_of_record
TN:
SF:src\components\Spinner\index.js
FNF:0
FNH:0
LF:0
LH:0
BRF:0
BRH:0
end_of_record
TN:
SF:src\context\SessionContext.jsx
FN:7,SessionProvider
FN:10,(anonymous_1)
FN:17,(anonymous_2)
FN:21,(anonymous_3)
FN:27,(anonymous_4)
FNF:5
FNH:0
FNDA:0,SessionProvider
FNDA:0,(anonymous_1)
FNDA:0,(anonymous_2)
FNDA:0,(anonymous_3)
FNDA:0,(anonymous_4)
DA:6,1
DA:8,0
DA:10,0
DA:11,0
DA:12,0
DA:13,0
DA:17,0
DA:18,0
DA:21,0
DA:27,0
DA:28,0
DA:31,0
DA:37,1
LF:13
LH:2
BRDA:12,0,0,0
BRDA:12,0,1,0
BRF:2
BRH:0
end_of_record
TN:
SF:src\helpers\randomString.js
FN:1,generateRandomString
FNF:1
FNH:1
FNDA:7,generateRandomString
DA:2,7
DA:3,7
DA:5,7
DA:6,105
DA:9,7
LF:5
LH:5
BRDA:1,0,0,7
BRF:1
BRH:1
end_of_record
TN:
SF:src\helpers\animations\fadeOut.js
FN:3,(anonymous_0)
FNF:1
FNH:0
FNDA:0,(anonymous_0)
DA:3,1
DA:4,0
DA:6,0
DA:10,0
DA:11,0
LF:5
LH:1
BRF:0
BRH:0
end_of_record
TN:
SF:src\hooks\useFetch.js
FN:4,useFetch
FN:11,(anonymous_1)
FN:73,(anonymous_2)
FNF:3
FNH:1
FNDA:4,useFetch
FNDA:0,(anonymous_1)
FNDA:0,(anonymous_2)
DA:5,4
DA:6,4
DA:7,4
DA:9,4
DA:11,4
DA:22,0
DA:23,0
DA:24,0
DA:26,0
DA:30,0
DA:32,0
DA:40,0
DA:43,0
DA:44,0
DA:45,0
DA:46,0
DA:48,0
DA:51,0
DA:52,0
DA:53,0
DA:56,0
DA:57,0
DA:58,0
DA:61,0
DA:64,0
DA:70,0
DA:73,4
DA:74,0
DA:75,0
DA:76,0
DA:79,4
LF:31
LH:7
BRDA:13,0,0,0
BRDA:17,1,0,0
BRDA:18,2,0,0
BRDA:19,3,0,0
BRDA:20,4,0,0
BRDA:30,5,0,0
BRDA:30,5,1,0
BRDA:40,6,0,0
BRDA:40,6,1,0
BRDA:43,7,0,0
BRDA:43,7,1,0
BRDA:44,8,0,0
BRDA:44,8,1,0
BRDA:45,9,0,0
BRDA:45,9,1,0
BRDA:48,10,0,0
BRDA:48,10,1,0
BRDA:51,11,0,0
BRDA:51,11,1,0
BRDA:66,12,0,0
BRDA:66,12,1,0
BRDA:66,12,2,0
BRDA:66,12,3,0
BRDA:66,12,4,0
BRDA:66,12,5,0
BRF:25
BRH:0
end_of_record
TN:
SF:src\hooks\useLogout.js
FN:4,useLogout
FN:7,logout
FNF:2
FNH:1
FNDA:4,useLogout
FNDA:0,logout
DA:5,4
DA:8,0
DA:9,0
DA:10,0
DA:11,0
DA:12,0
DA:13,0
DA:15,4
LF:8
LH:2
BRF:0
BRH:0
end_of_record
TN:
SF:src\hooks\usePopUp.js
FN:8,(anonymous_0)
FN:11,(anonymous_1)
FN:12,(anonymous_2)
FNF:3
FNH:1
FNDA:1,(anonymous_0)
FNDA:0,(anonymous_1)
FNDA:0,(anonymous_2)
DA:8,1
DA:9,1
DA:11,1
DA:12,1
DA:14,1
LF:5
LH:5
BRDA:8,0,0,1
BRF:1
BRH:1
end_of_record
TN:
SF:src\pages\LoginPage\LoginPage.jsx
FN:13,LoginPage
FN:41,(anonymous_1)
FN:59,(anonymous_2)
FN:72,(anonymous_3)
FN:76,(anonymous_4)
FN:91,(anonymous_5)
FN:94,(anonymous_6)
FN:97,(anonymous_7)
FN:99,(anonymous_8)
FN:102,(anonymous_9)
FN:104,(anonymous_10)
FN:107,(anonymous_11)
FN:109,(anonymous_12)
FN:113,(anonymous_13)
FN:115,(anonymous_14)
FN:118,(anonymous_15)
FN:142,(anonymous_16)
FN:168,(anonymous_17)
FNF:18
FNH:4
FNDA:1,LoginPage
FNDA:0,(anonymous_1)
FNDA:0,(anonymous_2)
FNDA:0,(anonymous_3)
FNDA:0,(anonymous_4)
FNDA:0,(anonymous_5)
FNDA:0,(anonymous_6)
FNDA:0,(anonymous_7)
FNDA:0,(anonymous_8)
FNDA:0,(anonymous_9)
FNDA:0,(anonymous_10)
FNDA:0,(anonymous_11)
FNDA:0,(anonymous_12)
FNDA:0,(anonymous_13)
FNDA:0,(anonymous_14)
FNDA:1,(anonymous_15)
FNDA:1,(anonymous_16)
FNDA:1,(anonymous_17)
DA:15,1
DA:16,1
DA:17,1
DA:18,1
DA:25,1
DA:32,1
DA:39,1
DA:41,1
DA:43,0
DA:44,0
DA:45,0
DA:46,0
DA:47,0
DA:49,0
DA:59,1
DA:61,0
DA:72,1
DA:73,0
DA:76,1
DA:77,0
DA:78,0
DA:79,0
DA:81,0
DA:91,1
DA:92,0
DA:93,0
DA:94,0
DA:97,1
DA:98,0
DA:99,0
DA:102,1
DA:103,0
DA:104,0
DA:107,1
DA:108,0
DA:109,0
DA:110,0
DA:113,1
DA:114,0
DA:115,0
DA:118,1
DA:119,1
DA:122,0
DA:124,0
DA:125,0
DA:128,0
DA:131,0
DA:132,0
DA:134,0
DA:135,0
DA:137,0
DA:138,0
DA:142,1
DA:144,1
DA:147,0
DA:149,0
DA:150,0
DA:153,0
DA:156,0
DA:157,0
DA:159,0
DA:160,0
DA:163,0
DA:164,0
DA:168,1
DA:169,1
DA:172,0
DA:173,0
DA:175,0
DA:176,0
DA:179,0
DA:180,0
DA:183,1
LF:73
LH:23
BRDA:46,0,0,0
BRDA:46,0,1,0
BRDA:47,1,0,0
BRDA:47,1,1,0
BRDA:79,2,0,0
BRDA:79,2,1,0
BRDA:82,3,0,0
BRDA:82,3,1,0
BRDA:98,4,0,0
BRDA:98,4,1,0
BRDA:103,5,0,0
BRDA:103,5,1,0
BRDA:108,6,0,0
BRDA:108,6,1,0
BRDA:119,7,0,1
BRDA:119,7,1,0
BRDA:122,8,0,0
BRDA:122,8,1,0
BRDA:128,9,0,0
BRDA:128,9,1,0
BRDA:144,10,0,1
BRDA:144,10,1,0
BRDA:147,11,0,0
BRDA:147,11,1,0
BRDA:153,12,0,0
BRDA:153,12,1,0
BRDA:169,13,0,1
BRDA:169,13,1,0
BRDA:207,14,0,1
BRDA:207,14,1,1
BRDA:215,15,0,1
BRDA:215,15,1,0
BRDA:225,16,0,1
BRDA:225,16,1,0
BRDA:230,17,0,1
BRDA:230,17,1,0
BRDA:245,18,0,0
BRDA:245,18,1,0
BRDA:253,19,0,0
BRDA:253,19,1,0
BRDA:255,20,0,0
BRDA:255,20,1,0
BRF:42
BRH:8
end_of_record
TN:
SF:src\pages\OAuthSuccessPage\OAuthSuccessPage.jsx
FN:5,OAuthSuccessPage
FN:9,(anonymous_1)
FNF:2
FNH:0
FNDA:0,OAuthSuccessPage
FNDA:0,(anonymous_1)
DA:6,0
DA:7,0
DA:9,0
DA:10,0
DA:11,0
DA:13,0
DA:15,0
DA:16,0
DA:17,0
DA:20,0
DA:23,0
LF:11
LH:0
BRDA:13,0,0,0
BRDA:13,0,1,0
BRF:2
BRH:0
end_of_record
TN:
SF:src\pages\RegisterPage\RegisterPage.jsx
FN:10,RegisterPage
FN:24,(anonymous_1)
FN:27,(anonymous_2)
FN:30,(anonymous_3)
FN:34,(anonymous_4)
FN:38,(anonymous_5)
FN:44,(anonymous_6)
FN:46,(anonymous_7)
FN:49,(anonymous_8)
FN:53,(anonymous_9)
FN:57,(anonymous_10)
FN:66,(anonymous_11)
FN:68,(anonymous_12)
FN:71,(anonymous_13)
FN:73,(anonymous_14)
FN:76,(anonymous_15)
FN:95,(anonymous_16)
FNF:17
FNH:2
FNDA:1,RegisterPage
FNDA:0,(anonymous_1)
FNDA:0,(anonymous_2)
FNDA:0,(anonymous_3)
FNDA:0,(anonymous_4)
FNDA:0,(anonymous_5)
FNDA:0,(anonymous_6)
FNDA:0,(anonymous_7)
FNDA:0,(anonymous_8)
FNDA:0,(anonymous_9)
FNDA:0,(anonymous_10)
FNDA:0,(anonymous_11)
FNDA:0,(anonymous_12)
FNDA:0,(anonymous_13)
FNDA:0,(anonymous_14)
FNDA:0,(anonymous_15)
FNDA:1,(anonymous_16)
DA:12,1
DA:13,1
DA:14,1
DA:15,1
DA:22,1
DA:24,1
DA:25,0
DA:26,0
DA:27,0
DA:30,1
DA:31,0
DA:32,0
DA:33,0
DA:34,0
DA:35,0
DA:37,0
DA:38,0
DA:39,0
DA:41,0
DA:44,1
DA:45,0
DA:46,0
DA:49,1
DA:50,0
DA:51,0
DA:52,0
DA:53,0
DA:54,0
DA:56,0
DA:57,0
DA:61,0
DA:63,0
DA:66,1
DA:67,0
DA:68,0
DA:71,1
DA:72,0
DA:73,0
DA:76,1
DA:78,0
DA:79,0
DA:80,0
DA:81,0
DA:82,0
DA:83,0
DA:85,0
DA:95,1
DA:96,1
DA:99,0
DA:100,0
DA:102,0
DA:103,0
DA:105,0
DA:106,0
DA:107,0
DA:112,1
LF:56
LH:15
BRDA:31,0,0,0
BRDA:31,0,1,0
BRDA:33,1,0,0
BRDA:33,1,1,0
BRDA:37,2,0,0
BRDA:37,2,1,0
BRDA:45,3,0,0
BRDA:45,3,1,0
BRDA:50,4,0,0
BRDA:50,4,1,0
BRDA:52,5,0,0
BRDA:52,5,1,0
BRDA:56,6,0,0
BRDA:56,6,1,0
BRDA:67,7,0,0
BRDA:67,7,1,0
BRDA:80,8,0,0
BRDA:80,8,1,0
BRDA:81,9,0,0
BRDA:81,9,1,0
BRDA:82,10,0,0
BRDA:82,10,1,0
BRDA:83,11,0,0
BRDA:83,11,1,0
BRDA:96,12,0,1
BRDA:96,12,1,0
BRDA:156,13,0,1
BRDA:156,13,1,1
BRDA:163,14,0,1
BRDA:163,14,1,0
BRDA:165,15,0,1
BRDA:165,15,1,0
BRF:32
BRH:5
end_of_record
TN:
SF:src\pages\UnloggedIndexPage\UnloggedIndexPage.jsx
FN:7,UnloggedIndexPage
FNF:1
FNH:1
FNDA:2,UnloggedIndexPage
DA:8,2
LF:1
LH:1
BRF:0
BRH:0
end_of_record
