TN:
SF:apiServices\blockchain\blockchain.controller.js
FN:6,createTransaction
FN:21,listTransactions
FNF:2
FNH:0
FNDA:0,createTransaction
FNDA:0,listTransactions
DA:7,0
DA:8,0
DA:9,0
DA:10,0
DA:13,0
DA:14,0
DA:16,0
DA:22,0
DA:23,0
DA:24,0
DA:25,0
DA:27,0
LF:12
LH:0
BRDA:9,0,0,0
BRDA:9,0,1,0
BRDA:9,1,0,0
BRDA:9,1,1,0
BRDA:9,1,2,0
BRDA:9,1,3,0
BRF:6
BRH:0
end_of_record
TN:
SF:apiServices\blockchain\blockchain.model.js
FN:8,(anonymous_0)
FN:16,validateDataObject
FN:46,getLastBlock
FN:55,addBlock
FN:79,getAllBlocks
FN:88,validateChain
FNF:6
FNH:0
FNDA:0,(anonymous_0)
FNDA:0,validateDataObject
FNDA:0,getLastBlock
FNDA:0,addBlock
FNDA:0,getAllBlocks
FNDA:0,validateChain
DA:6,0
DA:8,0
DA:9,0
DA:17,0
DA:18,0
DA:22,0
DA:23,0
DA:25,0
DA:26,0
DA:29,0
DA:30,0
DA:34,0
DA:35,0
DA:38,0
DA:39,0
DA:41,0
DA:47,0
DA:51,0
DA:57,0
DA:59,0
DA:60,0
DA:61,0
DA:63,0
DA:65,0
DA:67,0
DA:68,0
DA:74,0
DA:80,0
DA:84,0
DA:89,0
DA:90,0
DA:92,0
DA:93,0
DA:94,0
DA:96,0
DA:98,0
DA:99,0
DA:101,0
DA:103,0
LF:39
LH:0
BRDA:17,0,0,0
BRDA:17,0,1,0
BRDA:17,1,0,0
BRDA:17,1,1,0
BRDA:25,2,0,0
BRDA:25,2,1,0
BRDA:29,3,0,0
BRDA:29,3,1,0
BRDA:34,4,0,0
BRDA:34,4,1,0
BRDA:38,5,0,0
BRDA:38,5,1,0
BRDA:60,6,0,0
BRDA:60,6,1,0
BRDA:61,7,0,0
BRDA:61,7,1,0
BRDA:98,8,0,0
BRDA:98,8,1,0
BRF:18
BRH:0
end_of_record
TN:
SF:apiServices\blockchain\blockchain.route.js
FNF:0
FNH:0
DA:4,0
DA:6,0
DA:7,0
LF:3
LH:0
BRF:0
BRH:0
end_of_record
TN:
SF:apiServices\chat\chat.controller.js
FN:12,(anonymous_0)
FN:98,(anonymous_1)
FN:110,(anonymous_2)
FN:145,(anonymous_3)
FN:172,(anonymous_4)
FN:252,(anonymous_5)
FNF:6
FNH:0
FNDA:0,(anonymous_0)
FNDA:0,(anonymous_1)
FNDA:0,(anonymous_2)
FNDA:0,(anonymous_3)
FNDA:0,(anonymous_4)
FNDA:0,(anonymous_5)
DA:12,0
DA:14,0
DA:17,0
DA:18,0
DA:20,0
DA:21,0
DA:24,0
DA:25,0
DA:28,0
DA:29,0
DA:32,0
DA:33,0
DA:36,0
DA:37,0
DA:38,0
DA:41,0
DA:43,0
DA:50,0
DA:59,0
DA:60,0
DA:64,0
DA:66,0
DA:76,0
DA:77,0
DA:78,0
DA:88,0
DA:91,0
DA:94,0
DA:98,0
DA:99,0
DA:100,0
DA:101,0
DA:102,0
DA:104,0
DA:106,0
DA:110,0
DA:111,0
DA:112,0
DA:113,0
DA:114,0
DA:118,0
DA:120,0
DA:126,0
DA:127,0
DA:131,0
DA:135,0
DA:136,0
DA:139,0
DA:141,0
DA:145,0
DA:146,0
DA:147,0
DA:148,0
DA:149,0
DA:152,0
DA:153,0
DA:154,0
DA:157,0
DA:162,0
DA:163,0
DA:166,0
DA:168,0
DA:172,0
DA:174,0
DA:176,0
DA:177,0
DA:178,0
DA:180,0
DA:181,0
DA:184,0
DA:186,0
DA:187,0
DA:188,0
DA:191,0
DA:192,0
DA:193,0
DA:196,0
DA:203,0
DA:210,0
DA:211,0
DA:216,0
DA:219,0
DA:229,0
DA:230,0
DA:231,0
DA:241,0
DA:245,0
DA:248,0
DA:252,0
DA:253,0
DA:254,0
DA:255,0
DA:256,0
DA:258,0
DA:259,0
DA:262,0
DA:264,0
LF:97
LH:0
BRDA:18,0,0,0
BRDA:18,0,1,0
BRDA:20,1,0,0
BRDA:20,1,1,0
BRDA:24,2,0,0
BRDA:24,2,1,0
BRDA:28,3,0,0
BRDA:28,3,1,0
BRDA:32,4,0,0
BRDA:32,4,1,0
BRDA:37,5,0,0
BRDA:37,5,1,0
BRDA:59,6,0,0
BRDA:59,6,1,0
BRDA:77,7,0,0
BRDA:77,7,1,0
BRDA:112,8,0,0
BRDA:112,8,1,0
BRDA:113,9,0,0
BRDA:113,9,1,0
BRDA:126,10,0,0
BRDA:126,10,1,0
BRDA:135,11,0,0
BRDA:135,11,1,0
BRDA:147,12,0,0
BRDA:147,12,1,0
BRDA:148,13,0,0
BRDA:148,13,1,0
BRDA:152,14,0,0
BRDA:152,14,1,0
BRDA:153,15,0,0
BRDA:153,15,1,0
BRDA:162,16,0,0
BRDA:162,16,1,0
BRDA:177,17,0,0
BRDA:177,17,1,0
BRDA:180,18,0,0
BRDA:180,18,1,0
BRDA:187,19,0,0
BRDA:187,19,1,0
BRDA:192,20,0,0
BRDA:192,20,1,0
BRDA:210,21,0,0
BRDA:210,21,1,0
BRDA:230,22,0,0
BRDA:230,22,1,0
BRDA:258,23,0,0
BRDA:258,23,1,0
BRDA:258,24,0,0
BRDA:258,24,1,0
BRF:50
BRH:0
end_of_record
TN:
SF:apiServices\chat\chat.model.js
FN:12,(anonymous_0)
FN:23,(anonymous_1)
FN:52,(anonymous_2)
FN:86,(anonymous_3)
FN:115,(anonymous_4)
FN:144,(anonymous_5)
FN:156,(anonymous_6)
FN:180,(anonymous_7)
FN:220,(anonymous_8)
FN:248,(anonymous_9)
FN:291,(anonymous_10)
FN:321,(anonymous_11)
FN:356,(anonymous_12)
FN:385,(anonymous_13)
FN:412,(anonymous_14)
FN:437,(anonymous_15)
FN:447,(anonymous_16)
FN:460,(anonymous_17)
FN:473,(anonymous_18)
FN:486,(anonymous_19)
FN:537,(anonymous_20)
FN:561,(anonymous_21)
FNF:22
FNH:0
FNDA:0,(anonymous_0)
FNDA:0,(anonymous_1)
FNDA:0,(anonymous_2)
FNDA:0,(anonymous_3)
FNDA:0,(anonymous_4)
FNDA:0,(anonymous_5)
FNDA:0,(anonymous_6)
FNDA:0,(anonymous_7)
FNDA:0,(anonymous_8)
FNDA:0,(anonymous_9)
FNDA:0,(anonymous_10)
FNDA:0,(anonymous_11)
FNDA:0,(anonymous_12)
FNDA:0,(anonymous_13)
FNDA:0,(anonymous_14)
FNDA:0,(anonymous_15)
FNDA:0,(anonymous_16)
FNDA:0,(anonymous_17)
FNDA:0,(anonymous_18)
FNDA:0,(anonymous_19)
FNDA:0,(anonymous_20)
FNDA:0,(anonymous_21)
DA:12,0
DA:13,0
DA:14,0
DA:15,0
DA:17,0
DA:23,0
DA:24,0
DA:25,0
DA:28,0
DA:29,0
DA:32,0
DA:33,0
DA:36,0
DA:38,0
DA:39,0
DA:42,0
DA:43,0
DA:46,0
DA:52,0
DA:53,0
DA:54,0
DA:57,0
DA:58,0
DA:61,0
DA:62,0
DA:65,0
DA:67,0
DA:68,0
DA:71,0
DA:72,0
DA:76,0
DA:77,0
DA:80,0
DA:86,0
DA:87,0
DA:88,0
DA:91,0
DA:92,0
DA:95,0
DA:96,0
DA:99,0
DA:101,0
DA:102,0
DA:105,0
DA:106,0
DA:109,0
DA:115,0
DA:116,0
DA:117,0
DA:120,0
DA:121,0
DA:124,0
DA:125,0
DA:128,0
DA:129,0
DA:132,0
DA:134,0
DA:135,0
DA:138,0
DA:144,0
DA:145,0
DA:146,0
DA:156,0
DA:157,0
DA:158,0
DA:160,0
DA:178,0
DA:180,0
DA:182,0
DA:183,0
DA:184,0
DA:185,0
DA:186,0
DA:188,0
DA:189,0
DA:191,0
DA:192,0
DA:195,0
DA:198,0
DA:205,0
DA:207,0
DA:208,0
DA:210,0
DA:211,0
DA:220,0
DA:221,0
DA:222,0
DA:223,0
DA:234,0
DA:235,0
DA:237,0
DA:238,0
DA:240,0
DA:241,0
DA:248,0
DA:249,0
DA:250,0
DA:251,0
DA:252,0
DA:253,0
DA:254,0
DA:255,0
DA:258,0
DA:259,0
DA:262,0
DA:264,0
DA:269,0
DA:278,0
DA:280,0
DA:281,0
DA:283,0
DA:284,0
DA:291,0
DA:292,0
DA:293,0
DA:294,0
DA:295,0
DA:296,0
DA:298,0
DA:302,0
DA:308,0
DA:310,0
DA:311,0
DA:313,0
DA:314,0
DA:321,0
DA:322,0
DA:323,0
DA:324,0
DA:325,0
DA:327,0
DA:332,0
DA:336,0
DA:337,0
DA:340,0
DA:342,0
DA:343,0
DA:345,0
DA:346,0
DA:348,0
DA:349,0
DA:356,0
DA:357,0
DA:358,0
DA:359,0
DA:361,0
DA:366,0
DA:369,0
DA:371,0
DA:372,0
DA:374,0
DA:375,0
DA:377,0
DA:378,0
DA:385,0
DA:386,0
DA:387,0
DA:389,0
DA:392,0
DA:394,0
DA:401,0
DA:402,0
DA:404,0
DA:405,0
DA:412,0
DA:413,0
DA:414,0
DA:415,0
DA:417,0
DA:423,0
DA:424,0
DA:426,0
DA:427,0
DA:429,0
DA:430,0
DA:437,0
DA:438,0
DA:439,0
DA:441,0
DA:446,0
DA:447,0
DA:449,0
DA:450,0
DA:452,0
DA:453,0
DA:460,0
DA:461,0
DA:462,0
DA:464,0
DA:472,0
DA:473,0
DA:475,0
DA:476,0
DA:478,0
DA:479,0
DA:486,0
DA:487,0
DA:488,0
DA:490,0
DA:505,0
DA:508,0
DA:510,0
DA:511,0
DA:512,0
DA:513,0
DA:521,0
DA:524,0
DA:526,0
DA:527,0
DA:529,0
DA:530,0
DA:537,0
DA:538,0
DA:539,0
DA:541,0
DA:559,0
DA:561,0
DA:562,0
DA:563,0
DA:564,0
DA:565,0
DA:566,0
DA:568,0
DA:569,0
DA:571,0
DA:572,0
DA:574,0
DA:575,0
DA:579,0
DA:592,0
DA:594,0
DA:595,0
DA:597,0
DA:598,0
LF:234
LH:0
BRDA:12,0,0,0
BRDA:14,1,0,0
BRDA:14,1,1,0
BRDA:14,2,0,0
BRDA:14,2,1,0
BRDA:24,3,0,0
BRDA:24,3,1,0
BRDA:28,4,0,0
BRDA:28,4,1,0
BRDA:32,5,0,0
BRDA:32,5,1,0
BRDA:38,6,0,0
BRDA:38,6,1,0
BRDA:42,7,0,0
BRDA:42,7,1,0
BRDA:53,8,0,0
BRDA:53,8,1,0
BRDA:57,9,0,0
BRDA:57,9,1,0
BRDA:61,10,0,0
BRDA:61,10,1,0
BRDA:67,11,0,0
BRDA:67,11,1,0
BRDA:71,12,0,0
BRDA:71,12,1,0
BRDA:76,13,0,0
BRDA:76,13,1,0
BRDA:86,14,0,0
BRDA:87,15,0,0
BRDA:87,15,1,0
BRDA:91,16,0,0
BRDA:91,16,1,0
BRDA:95,17,0,0
BRDA:95,17,1,0
BRDA:101,18,0,0
BRDA:101,18,1,0
BRDA:105,19,0,0
BRDA:105,19,1,0
BRDA:116,20,0,0
BRDA:116,20,1,0
BRDA:120,21,0,0
BRDA:120,21,1,0
BRDA:124,22,0,0
BRDA:124,22,1,0
BRDA:128,23,0,0
BRDA:128,23,1,0
BRDA:134,24,0,0
BRDA:134,24,1,0
BRDA:145,25,0,0
BRDA:145,25,1,0
BRDA:184,26,0,0
BRDA:184,26,1,0
BRDA:185,27,0,0
BRDA:185,27,1,0
BRDA:188,28,0,0
BRDA:188,28,1,0
BRDA:207,29,0,0
BRDA:207,29,1,0
BRDA:237,30,0,0
BRDA:237,30,1,0
BRDA:258,31,0,0
BRDA:258,31,1,0
BRDA:280,32,0,0
BRDA:280,32,1,0
BRDA:310,33,0,0
BRDA:310,33,1,0
BRDA:336,34,0,0
BRDA:336,34,1,0
BRDA:342,35,0,0
BRDA:342,35,1,0
BRDA:345,36,0,0
BRDA:345,36,1,0
BRDA:371,37,0,0
BRDA:371,37,1,0
BRDA:374,38,0,0
BRDA:374,38,1,0
BRDA:394,39,0,0
BRDA:394,39,1,0
BRDA:401,40,0,0
BRDA:401,40,1,0
BRDA:426,41,0,0
BRDA:426,41,1,0
BRDA:449,42,0,0
BRDA:449,42,1,0
BRDA:475,43,0,0
BRDA:475,43,1,0
BRDA:512,44,0,0
BRDA:512,44,1,0
BRDA:526,45,0,0
BRDA:526,45,1,0
BRDA:564,46,0,0
BRDA:564,46,1,0
BRDA:565,47,0,0
BRDA:565,47,1,0
BRDA:568,48,0,0
BRDA:568,48,1,0
BRDA:574,49,0,0
BRDA:574,49,1,0
BRDA:594,50,0,0
BRDA:594,50,1,0
BRF:100
BRH:0
end_of_record
TN:
SF:apiServices\chat\chat.route.js
FNF:0
FNH:0
DA:7,0
DA:9,0
DA:10,0
DA:11,0
DA:12,0
DA:13,0
DA:14,0
LF:7
LH:0
BRF:0
BRH:0
end_of_record
TN:
SF:apiServices\user\user.controller.js
FN:16,(anonymous_0)
FN:74,(anonymous_1)
FN:122,(anonymous_2)
FN:210,(anonymous_3)
FN:231,(anonymous_4)
FN:256,(anonymous_5)
FN:276,(anonymous_6)
FN:292,(anonymous_7)
FN:334,(anonymous_8)
FNF:9
FNH:0
FNDA:0,(anonymous_0)
FNDA:0,(anonymous_1)
FNDA:0,(anonymous_2)
FNDA:0,(anonymous_3)
FNDA:0,(anonymous_4)
FNDA:0,(anonymous_5)
FNDA:0,(anonymous_6)
FNDA:0,(anonymous_7)
FNDA:0,(anonymous_8)
DA:12,0
DA:13,0
DA:14,0
DA:16,0
DA:17,0
DA:20,0
DA:21,0
DA:22,0
DA:26,0
DA:27,0
DA:28,0
DA:29,0
DA:32,0
DA:35,0
DA:38,0
DA:41,0
DA:44,0
DA:55,0
DA:61,0
DA:70,0
DA:74,0
DA:75,0
DA:78,0
DA:79,0
DA:80,0
DA:83,0
DA:85,0
DA:86,0
DA:87,0
DA:88,0
DA:92,0
DA:93,0
DA:94,0
DA:95,0
DA:99,0
DA:100,0
DA:104,0
DA:109,0
DA:118,0
DA:122,0
DA:123,0
DA:126,0
DA:127,0
DA:128,0
DA:132,0
DA:137,0
DA:138,0
DA:139,0
DA:140,0
DA:143,0
DA:145,0
DA:147,0
DA:148,0
DA:151,0
DA:156,0
DA:166,0
DA:167,0
DA:169,0
DA:179,0
DA:192,0
DA:198,0
DA:210,0
DA:211,0
DA:214,0
DA:215,0
DA:216,0
DA:219,0
DA:228,0
DA:231,0
DA:233,0
DA:234,0
DA:237,0
DA:238,0
DA:239,0
DA:242,0
DA:251,0
DA:256,0
DA:257,0
DA:260,0
DA:266,0
DA:268,0
DA:270,0
DA:276,0
DA:277,0
DA:279,0
DA:281,0
DA:282,0
DA:283,0
DA:286,0
DA:288,0
DA:292,0
DA:293,0
DA:294,0
DA:296,0
DA:298,0
DA:299,0
DA:300,0
DA:304,0
DA:310,0
DA:312,0
DA:318,0
DA:327,0
DA:330,0
DA:334,0
DA:336,0
DA:338,0
DA:339,0
DA:340,0
DA:344,0
DA:345,0
DA:346,0
DA:349,0
DA:361,0
LF:113
LH:0
BRDA:20,0,0,0
BRDA:20,0,1,0
BRDA:20,1,0,0
BRDA:20,1,1,0
BRDA:20,1,2,0
BRDA:27,2,0,0
BRDA:27,2,1,0
BRDA:78,3,0,0
BRDA:78,3,1,0
BRDA:78,4,0,0
BRDA:78,4,1,0
BRDA:86,5,0,0
BRDA:86,5,1,0
BRDA:93,6,0,0
BRDA:93,6,1,0
BRDA:99,7,0,0
BRDA:99,7,1,0
BRDA:126,8,0,0
BRDA:126,8,1,0
BRDA:140,9,0,0
BRDA:140,9,1,0
BRDA:145,10,0,0
BRDA:145,10,1,0
BRDA:147,11,0,0
BRDA:147,11,1,0
BRDA:215,12,0,0
BRDA:215,12,1,0
BRDA:238,13,0,0
BRDA:238,13,1,0
BRDA:282,14,0,0
BRDA:282,14,1,0
BRDA:299,15,0,0
BRDA:299,15,1,0
BRDA:310,16,0,0
BRDA:310,16,1,0
BRDA:339,17,0,0
BRDA:339,17,1,0
BRDA:345,18,0,0
BRDA:345,18,1,0
BRF:39
BRH:0
end_of_record
TN:
SF:apiServices\user\user.model.js
FN:9,(anonymous_0)
FN:44,(anonymous_1)
FN:78,(anonymous_2)
FN:89,(anonymous_3)
FN:118,(anonymous_4)
FN:121,(anonymous_5)
FN:140,(anonymous_6)
FN:153,(anonymous_7)
FN:182,(anonymous_8)
FN:211,(anonymous_9)
FN:239,(anonymous_10)
FN:274,(anonymous_11)
FN:309,(anonymous_12)
FN:324,(anonymous_13)
FN:339,(anonymous_14)
FN:357,(anonymous_15)
FN:373,(anonymous_16)
FNF:17
FNH:0
FNDA:0,(anonymous_0)
FNDA:0,(anonymous_1)
FNDA:0,(anonymous_2)
FNDA:0,(anonymous_3)
FNDA:0,(anonymous_4)
FNDA:0,(anonymous_5)
FNDA:0,(anonymous_6)
FNDA:0,(anonymous_7)
FNDA:0,(anonymous_8)
FNDA:0,(anonymous_9)
FNDA:0,(anonymous_10)
FNDA:0,(anonymous_11)
FNDA:0,(anonymous_12)
FNDA:0,(anonymous_13)
FNDA:0,(anonymous_14)
FNDA:0,(anonymous_15)
FNDA:0,(anonymous_16)
DA:9,0
DA:10,0
DA:11,0
DA:14,0
DA:15,0
DA:18,0
DA:19,0
DA:22,0
DA:24,0
DA:25,0
DA:28,0
DA:29,0
DA:33,0
DA:34,0
DA:35,0
DA:38,0
DA:44,0
DA:45,0
DA:46,0
DA:49,0
DA:50,0
DA:53,0
DA:54,0
DA:57,0
DA:59,0
DA:60,0
DA:63,0
DA:64,0
DA:68,0
DA:69,0
DA:72,0
DA:78,0
DA:79,0
DA:80,0
DA:81,0
DA:83,0
DA:89,0
DA:90,0
DA:91,0
DA:94,0
DA:95,0
DA:98,0
DA:99,0
DA:102,0
DA:104,0
DA:105,0
DA:108,0
DA:109,0
DA:112,0
DA:118,0
DA:119,0
DA:121,0
DA:124,0
DA:125,0
DA:128,0
DA:129,0
DA:132,0
DA:133,0
DA:136,0
DA:139,0
DA:140,0
DA:143,0
DA:144,0
DA:147,0
DA:153,0
DA:154,0
DA:155,0
DA:158,0
DA:159,0
DA:162,0
DA:163,0
DA:166,0
DA:168,0
DA:169,0
DA:172,0
DA:173,0
DA:176,0
DA:182,0
DA:183,0
DA:184,0
DA:187,0
DA:188,0
DA:191,0
DA:192,0
DA:195,0
DA:197,0
DA:198,0
DA:201,0
DA:202,0
DA:205,0
DA:211,0
DA:212,0
DA:213,0
DA:216,0
DA:217,0
DA:220,0
DA:221,0
DA:224,0
DA:226,0
DA:227,0
DA:230,0
DA:231,0
DA:234,0
DA:239,0
DA:240,0
DA:241,0
DA:242,0
DA:243,0
DA:244,0
DA:245,0
DA:246,0
DA:247,0
DA:249,0
DA:252,0
DA:261,0
DA:263,0
DA:264,0
DA:266,0
DA:267,0
DA:269,0
DA:270,0
DA:274,0
DA:275,0
DA:276,0
DA:277,0
DA:278,0
DA:279,0
DA:280,0
DA:281,0
DA:282,0
DA:284,0
DA:285,0
DA:296,0
DA:298,0
DA:299,0
DA:301,0
DA:302,0
DA:304,0
DA:305,0
DA:309,0
DA:310,0
DA:311,0
DA:312,0
DA:313,0
DA:314,0
DA:316,0
DA:317,0
DA:319,0
DA:320,0
DA:324,0
DA:325,0
DA:326,0
DA:327,0
DA:328,0
DA:329,0
DA:331,0
DA:332,0
DA:334,0
DA:335,0
DA:339,0
DA:340,0
DA:341,0
DA:342,0
DA:343,0
DA:344,0
DA:346,0
DA:348,0
DA:349,0
DA:351,0
DA:352,0
DA:357,0
DA:358,0
DA:359,0
DA:360,0
DA:361,0
DA:363,0
DA:365,0
DA:366,0
DA:368,0
DA:369,0
DA:373,0
DA:374,0
DA:375,0
DA:377,0
DA:383,0
DA:384,0
DA:386,0
DA:387,0
DA:389,0
DA:390,0
LF:190
LH:0
BRDA:10,0,0,0
BRDA:10,0,1,0
BRDA:14,1,0,0
BRDA:14,1,1,0
BRDA:18,2,0,0
BRDA:18,2,1,0
BRDA:24,3,0,0
BRDA:24,3,1,0
BRDA:28,4,0,0
BRDA:28,4,1,0
BRDA:34,5,0,0
BRDA:34,5,1,0
BRDA:45,6,0,0
BRDA:45,6,1,0
BRDA:49,7,0,0
BRDA:49,7,1,0
BRDA:53,8,0,0
BRDA:53,8,1,0
BRDA:59,9,0,0
BRDA:59,9,1,0
BRDA:63,10,0,0
BRDA:63,10,1,0
BRDA:68,11,0,0
BRDA:68,11,1,0
BRDA:80,12,0,0
BRDA:80,12,1,0
BRDA:80,13,0,0
BRDA:80,13,1,0
BRDA:90,14,0,0
BRDA:90,14,1,0
BRDA:94,15,0,0
BRDA:94,15,1,0
BRDA:98,16,0,0
BRDA:98,16,1,0
BRDA:104,17,0,0
BRDA:104,17,1,0
BRDA:108,18,0,0
BRDA:108,18,1,0
BRDA:118,19,0,0
BRDA:118,20,0,0
BRDA:119,21,0,0
BRDA:119,21,1,0
BRDA:121,22,0,0
BRDA:121,22,1,0
BRDA:124,23,0,0
BRDA:124,23,1,0
BRDA:128,24,0,0
BRDA:128,24,1,0
BRDA:132,25,0,0
BRDA:132,25,1,0
BRDA:139,26,0,0
BRDA:139,26,1,0
BRDA:140,27,0,0
BRDA:140,27,1,0
BRDA:143,28,0,0
BRDA:143,28,1,0
BRDA:154,29,0,0
BRDA:154,29,1,0
BRDA:158,30,0,0
BRDA:158,30,1,0
BRDA:162,31,0,0
BRDA:162,31,1,0
BRDA:168,32,0,0
BRDA:168,32,1,0
BRDA:172,33,0,0
BRDA:172,33,1,0
BRDA:183,34,0,0
BRDA:183,34,1,0
BRDA:187,35,0,0
BRDA:187,35,1,0
BRDA:191,36,0,0
BRDA:191,36,1,0
BRDA:197,37,0,0
BRDA:197,37,1,0
BRDA:201,38,0,0
BRDA:201,38,1,0
BRDA:212,39,0,0
BRDA:212,39,1,0
BRDA:216,40,0,0
BRDA:216,40,1,0
BRDA:220,41,0,0
BRDA:220,41,1,0
BRDA:226,42,0,0
BRDA:226,42,1,0
BRDA:230,43,0,0
BRDA:230,43,1,0
BRDA:263,44,0,0
BRDA:263,44,1,0
BRDA:266,45,0,0
BRDA:266,45,1,0
BRDA:298,46,0,0
BRDA:298,46,1,0
BRDA:301,47,0,0
BRDA:301,47,1,0
BRDA:314,48,0,0
BRDA:314,48,1,0
BRDA:316,49,0,0
BRDA:316,49,1,0
BRDA:329,50,0,0
BRDA:329,50,1,0
BRDA:331,51,0,0
BRDA:331,51,1,0
BRDA:348,52,0,0
BRDA:348,52,1,0
BRDA:365,53,0,0
BRDA:365,53,1,0
BRDA:384,54,0,0
BRDA:384,54,1,0
BRDA:386,55,0,0
BRDA:386,55,1,0
BRF:110
BRH:0
end_of_record
TN:
SF:apiServices\user\user.route.js
FN:7,(anonymous_0)
FNF:1
FNH:0
FNDA:0,(anonymous_0)
DA:5,0
DA:7,0
DA:8,0
DA:11,0
DA:12,0
DA:13,0
DA:14,0
DA:15,0
DA:16,0
DA:17,0
DA:18,0
DA:19,0
LF:12
LH:0
BRF:0
BRH:0
end_of_record
TN:
SF:utils\auth.js
FN:5,verifyToken
FNF:1
FNH:1
FNDA:2,verifyToken
DA:3,1
DA:6,2
LF:2
LH:2
BRDA:3,0,0,1
BRDA:3,0,1,1
BRF:2
BRH:2
end_of_record
TN:
SF:utils\blockchainHealth.js
FN:4,(anonymous_0)
FN:5,(anonymous_1)
FNF:2
FNH:2
FNDA:3,(anonymous_0)
FNDA:2,(anonymous_1)
DA:2,1
DA:4,3
DA:5,2
LF:3
LH:3
BRF:0
BRH:0
end_of_record
TN:
SF:utils\consts.js
FNF:0
FNH:0
DA:1,1
DA:3,1
LF:2
LH:2
BRDA:1,0,0,1
BRDA:1,0,1,1
BRF:2
BRH:2
end_of_record
TN:
SF:utils\customError.js
FN:5,(anonymous_0)
FNF:1
FNH:1
FNDA:3,(anonymous_0)
DA:6,3
DA:7,3
LF:2
LH:2
BRF:0
BRH:0
end_of_record
TN:
SF:utils\dateFormat.js
FN:1,toMysql
FNF:1
FNH:1
FNDA:1,toMysql
DA:2,1
LF:1
LH:1
BRF:0
BRH:0
end_of_record
TN:
SF:utils\errorSender.js
FN:15,(anonymous_0)
FNF:1
FNH:1
FNDA:4,(anonymous_0)
DA:15,1
DA:18,4
DA:19,4
DA:22,4
DA:23,2
DA:24,2
DA:28,4
DA:29,4
DA:30,3
DA:34,4
DA:35,4
DA:38,4
DA:46,4
DA:49,4
DA:50,4
LF:15
LH:15
BRDA:16,0,0,3
BRDA:16,1,0,3
BRDA:22,2,0,2
BRDA:22,2,1,2
BRDA:24,3,0,2
BRDA:24,3,1,1
BRDA:29,4,0,3
BRDA:29,4,1,1
BRDA:40,5,0,4
BRDA:40,5,1,1
BRDA:41,6,0,4
BRDA:41,6,1,1
BRF:12
BRH:12
end_of_record
TN:
SF:utils\stringFormatValidators.js
FN:6,(anonymous_0)
FN:21,(anonymous_1)
FNF:2
FNH:2
FNDA:5,(anonymous_0)
FNDA:5,(anonymous_1)
DA:6,1
DA:7,5
DA:8,3
DA:10,2
DA:11,13
DA:12,1
DA:15,1
DA:21,1
DA:22,5
DA:23,3
DA:25,2
DA:26,8
DA:27,1
DA:30,1
LF:14
LH:14
BRDA:7,0,0,2
BRDA:7,0,1,3
BRDA:8,1,0,1
BRDA:8,1,1,2
BRDA:11,2,0,1
BRDA:11,2,1,12
BRDA:22,3,0,2
BRDA:22,3,1,3
BRDA:23,4,0,1
BRDA:23,4,1,2
BRDA:26,5,0,1
BRDA:26,5,1,7
BRF:12
BRH:12
end_of_record
TN:
SF:utils\QKD\keyGenerator.js
FN:1,generateBitsBases
FN:2,(anonymous_1)
FN:3,(anonymous_2)
FN:7,encodePhotons
FN:8,(anonymous_4)
FN:17,measurePhotons
FN:18,(anonymous_6)
FN:27,compareBasesAndGenerateKey
FNF:8
FNH:8
FNDA:2,generateBitsBases
FNDA:60,(anonymous_1)
FNDA:60,(anonymous_2)
FNDA:1,encodePhotons
FNDA:4,(anonymous_4)
FNDA:1,measurePhotons
FNDA:4,(anonymous_6)
FNDA:1,compareBasesAndGenerateKey
DA:2,60
DA:3,60
DA:4,2
DA:8,1
DA:9,4
DA:10,2
DA:12,2
DA:18,1
DA:19,4
DA:20,2
DA:22,2
DA:28,1
DA:29,1
DA:30,4
DA:31,3
DA:34,1
LF:16
LH:16
BRDA:1,0,0,1
BRDA:3,1,0,29
BRDA:3,1,1,31
BRDA:9,2,0,2
BRDA:9,2,1,2
BRDA:10,3,0,1
BRDA:10,3,1,1
BRDA:12,4,0,1
BRDA:12,4,1,1
BRDA:19,5,0,2
BRDA:19,5,1,2
BRDA:20,6,0,1
BRDA:20,6,1,1
BRDA:22,7,0,1
BRDA:22,7,1,1
BRDA:30,8,0,3
BRDA:30,8,1,1
BRF:17
BRH:17
end_of_record
TN:
SF:utils\cypher\AES-256-GCM.js
FN:9,(anonymous_0)
FN:27,(anonymous_1)
FNF:2
FNH:2
FNDA:1,(anonymous_0)
FNDA:1,(anonymous_1)
DA:9,1
DA:10,1
DA:11,1
DA:13,1
DA:14,1
DA:15,1
DA:18,1
DA:27,1
DA:28,1
DA:29,1
DA:30,1
DA:32,1
DA:33,1
DA:35,1
DA:36,1
DA:37,1
LF:16
LH:16
BRF:0
BRH:0
end_of_record
TN:
SF:utils\cypher\AES-256.js
FN:9,(anonymous_0)
FN:24,(anonymous_1)
FNF:2
FNH:2
FNDA:1,(anonymous_0)
FNDA:1,(anonymous_1)
DA:9,1
DA:10,1
DA:11,1
DA:12,1
DA:13,1
DA:15,1
DA:24,1
DA:26,1
DA:27,1
DA:28,1
DA:30,1
DA:31,1
DA:33,1
DA:34,1
DA:35,1
DA:36,1
DA:37,1
LF:17
LH:17
BRF:0
BRH:0
end_of_record
TN:
SF:utils\cypher\ECDSA.js
FN:3,verifySignature
FN:23,generateECDSAKeys
FNF:2
FNH:2
FNDA:3,verifySignature
FNDA:1,generateECDSAKeys
DA:4,3
DA:5,1
DA:7,2
DA:8,2
DA:18,1
DA:19,1
DA:24,1
LF:7
LH:7
BRDA:4,0,0,1
BRDA:4,0,1,2
BRDA:4,1,0,3
BRDA:4,1,1,2
BRDA:4,1,2,2
BRF:5
BRH:5
end_of_record
TN:
SF:utils\cypher\RSA.js
FN:9,(anonymous_0)
FN:21,(anonymous_1)
FN:32,(anonymous_2)
FNF:3
FNH:3
FNDA:1,(anonymous_0)
FNDA:1,(anonymous_1)
FNDA:1,(anonymous_2)
DA:9,1
DA:10,1
DA:11,1
DA:12,1
DA:21,1
DA:22,1
DA:23,1
DA:24,1
DA:32,1
DA:33,1
DA:45,1
LF:11
LH:11
BRF:0
BRH:0
end_of_record
TN:
SF:utils\cypher\RSA_cypher.js
FN:9,(anonymous_0)
FN:21,(anonymous_1)
FN:32,(anonymous_2)
FNF:3
FNH:3
FNDA:1,(anonymous_0)
FNDA:1,(anonymous_1)
FNDA:1,(anonymous_2)
DA:9,1
DA:10,1
DA:11,1
DA:12,1
DA:21,1
DA:22,1
DA:23,1
DA:24,1
DA:32,1
DA:33,1
DA:45,1
LF:11
LH:11
BRF:0
BRH:0
end_of_record
TN:
SF:utils\cypher\X3DH.js
FN:9,(anonymous_0)
FN:12,(anonymous_1)
FN:30,(anonymous_2)
FN:38,(anonymous_3)
FNF:4
FNH:4
FNDA:1,(anonymous_0)
FNDA:1,(anonymous_1)
FNDA:2,(anonymous_2)
FNDA:2,(anonymous_3)
DA:9,2
DA:12,2
DA:19,1
DA:20,1
DA:21,1
DA:22,1
DA:24,1
DA:25,1
DA:26,1
DA:30,2
DA:31,2
DA:32,2
DA:33,2
DA:34,2
DA:38,2
DA:39,2
DA:40,2
DA:41,2
DA:42,1
LF:19
LH:19
BRDA:41,0,0,1
BRDA:41,0,1,1
BRF:2
BRH:2
end_of_record
TN:
SF:utils\cypher\hash.js
FN:3,sha256Hex
FNF:1
FNH:1
FNDA:1,sha256Hex
DA:4,1
LF:1
LH:1
BRF:0
BRH:0
end_of_record
